2018-12-08 17:00:41.046 [pool-1-thread-12] INFO  com.version.common.util.LoggerUtil:11 - 
----------------------------RECIEVED----------------------------
FROM:TcpSocketClient [session=[id: 0x68b390af, L:/192.168.31.215:34700 - R:/192.168.31.50:58924]]
CODE:269992[269992]

-----------------------------------------------------------------


2018-12-08 17:00:41.047 [pool-1-thread-12] INFO  com.version.common.util.LoggerUtil:11 - 
服务器返回----------------------------SEND--------------------------------
TO:[id: 0x68b390af, L:/192.168.31.215:34700 - R:/192.168.31.50:58924]
CODE:269991[269991]

-----------------------------------------------------------------





result {
  code: 200
  success: true
}

2018-12-08 17:00:41.055 [pool-1-thread-12] INFO  com.version.common.util.LoggerUtil:11 - 
服务器返回----------------------------SEND--------------------------------
TO:[id: 0x68b390af, L:/192.168.31.215:34700 - R:/192.168.31.50:58924]
CODE:269990[269990]

-----------------------------------------------------------------





outCardsType: 3
allMultiple: 1
lastCardNum: 7
uId: "116981"

2018-12-08 17:00:41.055 [pool-1-thread-12] INFO  com.version.common.util.LoggerUtil:11 - 
服务器返回----------------------------SEND--------------------------------
TO:[id: 0xf4b9cf54, L:/192.168.31.215:34700 - R:/192.168.31.50:58819]
CODE:269990[269990]

-----------------------------------------------------------------





outCardsType: 3
allMultiple: 1
lastCardNum: 7
uId: "116981"

2018-12-08 17:00:41.055 [pool-1-thread-12] INFO  com.version.common.util.LoggerUtil:11 - 
服务器返回----------------------------SEND--------------------------------
TO:[id: 0x49bcddaa, L:/192.168.31.215:34700 - R:/192.168.31.50:58809]
CODE:269990[269990]

-----------------------------------------------------------------





outCardsType: 3
allMultiple: 1
lastCardNum: 7
uId: "116981"

2018-12-08 17:00:41.055 [pool-1-thread-12] INFO  com.version.common.util.LoggerUtil:11 - 
服务器返回----------------------------SEND--------------------------------
TO:[id: 0x68b390af, L:/192.168.31.215:34700 - R:/192.168.31.50:58924]
CODE:269997[269997]

-----------------------------------------------------------------





currentCtrlPos: 1
ctrlTime: 5
checkOutCard: 11

2018-12-08 17:00:41.055 [pool-1-thread-12] INFO  com.version.common.util.LoggerUtil:11 - 
服务器返回----------------------------SEND--------------------------------
TO:[id: 0xf4b9cf54, L:/192.168.31.215:34700 - R:/192.168.31.50:58819]
CODE:269997[269997]

-----------------------------------------------------------------





currentCtrlPos: 1
ctrlTime: 5
checkOutCard: 11

2018-12-08 17:00:41.055 [pool-1-thread-12] INFO  com.version.common.util.LoggerUtil:11 - 
服务器返回----------------------------SEND--------------------------------
TO:[id: 0x49bcddaa, L:/192.168.31.215:34700 - R:/192.168.31.50:58809]
CODE:269997[269997]

-----------------------------------------------------------------





currentCtrlPos: 1
ctrlTime: 5
checkOutCard: 11

2018-12-08 17:00:41.055 [pool-1-thread-12] INFO  com.version.common.util.LoggerUtil:11 - 当前的操作位置:1
2018-12-08 17:00:44.523 [pool-1-thread-12] INFO  com.version.common.util.LoggerUtil:11 - 
----------------------------RECIEVED----------------------------
FROM:TcpSocketClient [session=[id: 0x49bcddaa, L:/192.168.31.215:34700 - R:/192.168.31.50:58809]]
CODE:269992[269992]

-----------------------------------------------------------------


2018-12-08 17:00:44.523 [pool-1-thread-12] INFO  com.version.common.util.LoggerUtil:11 - 
服务器返回----------------------------SEND--------------------------------
TO:[id: 0x49bcddaa, L:/192.168.31.215:34700 - R:/192.168.31.50:58809]
CODE:269991[269991]

-----------------------------------------------------------------





result {
  code: 200
  success: true
}

2018-12-08 17:00:44.523 [pool-1-thread-12] INFO  com.version.common.util.LoggerUtil:11 - 
服务器返回----------------------------SEND--------------------------------
TO:[id: 0x68b390af, L:/192.168.31.215:34700 - R:/192.168.31.50:58924]
CODE:269990[269990]

-----------------------------------------------------------------





outCardsType: 0
allMultiple: 1
lastCardNum: 6
uId: "100014"
roundOver: 1

2018-12-08 17:00:44.523 [pool-1-thread-12] INFO  com.version.common.util.LoggerUtil:11 - 
服务器返回----------------------------SEND--------------------------------
TO:[id: 0xf4b9cf54, L:/192.168.31.215:34700 - R:/192.168.31.50:58819]
CODE:269990[269990]

-----------------------------------------------------------------





outCardsType: 0
allMultiple: 1
lastCardNum: 6
uId: "100014"
roundOver: 1

2018-12-08 17:00:44.523 [pool-1-thread-12] INFO  com.version.common.util.LoggerUtil:11 - 
服务器返回----------------------------SEND--------------------------------
TO:[id: 0x49bcddaa, L:/192.168.31.215:34700 - R:/192.168.31.50:58809]
CODE:269990[269990]

-----------------------------------------------------------------





outCardsType: 0
allMultiple: 1
lastCardNum: 6
uId: "100014"
roundOver: 1

2018-12-08 17:00:44.523 [pool-1-thread-12] INFO  com.version.common.util.LoggerUtil:11 - 
服务器返回----------------------------SEND--------------------------------
TO:[id: 0x68b390af, L:/192.168.31.215:34700 - R:/192.168.31.50:58924]
CODE:269997[269997]

-----------------------------------------------------------------





currentCtrlPos: 2
ctrlTime: 5
checkOutCard: 11

2018-12-08 17:00:44.523 [pool-1-thread-12] INFO  com.version.common.util.LoggerUtil:11 - 
服务器返回----------------------------SEND--------------------------------
TO:[id: 0xf4b9cf54, L:/192.168.31.215:34700 - R:/192.168.31.50:58819]
CODE:269997[269997]

-----------------------------------------------------------------





currentCtrlPos: 2
ctrlTime: 5
checkOutCard: 11

2018-12-08 17:00:44.524 [pool-1-thread-12] INFO  com.version.common.util.LoggerUtil:11 - 
服务器返回----------------------------SEND--------------------------------
TO:[id: 0x49bcddaa, L:/192.168.31.215:34700 - R:/192.168.31.50:58809]
CODE:269997[269997]

-----------------------------------------------------------------





currentCtrlPos: 2
ctrlTime: 5
checkOutCard: 11

2018-12-08 17:00:44.524 [pool-1-thread-12] INFO  com.version.common.util.LoggerUtil:11 - 当前的操作位置:2
2018-12-08 17:00:50.534 [pool-1-thread-12] INFO  com.version.common.util.LoggerUtil:11 - 
----------------------------RECIEVED----------------------------
FROM:TcpSocketClient [session=[id: 0xf4b9cf54, L:/192.168.31.215:34700 - R:/192.168.31.50:58819]]
CODE:269992[269992]
cards {
  cardId: 108
  cardNum: 8
  cardColor: 1
}
cards {
  cardId: 308
  cardNum: 8
  cardColor: 3
}

-----------------------------------------------------------------


2018-12-08 17:00:50.535 [pool-1-thread-12] INFO  com.version.common.util.LoggerUtil:11 - 
服务器返回----------------------------SEND--------------------------------
TO:[id: 0xf4b9cf54, L:/192.168.31.215:34700 - R:/192.168.31.50:58819]
CODE:269991[269991]

-----------------------------------------------------------------





result {
  code: 200
  success: true
}

2018-12-08 17:00:50.535 [pool-1-thread-12] INFO  com.version.common.util.LoggerUtil:11 - 
服务器返回----------------------------SEND--------------------------------
TO:[id: 0xf4b9cf54, L:/192.168.31.215:34700 - R:/192.168.31.50:58819]
CODE:269991[269991]

-----------------------------------------------------------------





result {
  code: 200
  success: true
}

2018-12-08 17:00:50.535 [pool-1-thread-12] INFO  com.version.common.util.LoggerUtil:11 - 
服务器返回----------------------------SEND--------------------------------
TO:[id: 0x68b390af, L:/192.168.31.215:34700 - R:/192.168.31.50:58924]
CODE:269990[269990]

-----------------------------------------------------------------





outCards {
  cardId: 108
  cardNum: 8
  cardColor: 1
}
outCards {
  cardId: 308
  cardNum: 8
  cardColor: 3
}
outCardsType: 2
allMultiple: 1
lastCardNum: 3
uId: "100012"

2018-12-08 17:00:50.535 [pool-1-thread-12] INFO  com.version.common.util.LoggerUtil:11 - 
服务器返回----------------------------SEND--------------------------------
TO:[id: 0xf4b9cf54, L:/192.168.31.215:34700 - R:/192.168.31.50:58819]
CODE:269990[269990]

-----------------------------------------------------------------





outCards {
  cardId: 108
  cardNum: 8
  cardColor: 1
}
outCards {
  cardId: 308
  cardNum: 8
  cardColor: 3
}
outCardsType: 2
allMultiple: 1
lastCardNum: 3
uId: "100012"

2018-12-08 17:00:50.535 [pool-1-thread-12] INFO  com.version.common.util.LoggerUtil:11 - 
服务器返回----------------------------SEND--------------------------------
TO:[id: 0x49bcddaa, L:/192.168.31.215:34700 - R:/192.168.31.50:58809]
CODE:269990[269990]

-----------------------------------------------------------------





outCards {
  cardId: 108
  cardNum: 8
  cardColor: 1
}
outCards {
  cardId: 308
  cardNum: 8
  cardColor: 3
}
outCardsType: 2
allMultiple: 1
lastCardNum: 3
uId: "100012"

2018-12-08 17:00:50.535 [pool-1-thread-12] INFO  com.version.common.util.LoggerUtil:11 - 当前玩家的剩余牌数量:3
2018-12-08 17:00:50.535 [pool-1-thread-12] INFO  com.version.common.util.LoggerUtil:11 - 
服务器返回----------------------------SEND--------------------------------
TO:[id: 0x68b390af, L:/192.168.31.215:34700 - R:/192.168.31.50:58924]
CODE:269997[269997]

-----------------------------------------------------------------





currentCtrlPos: 3
ctrlTime: 5
checkOutCard: 11

2018-12-08 17:00:50.535 [pool-1-thread-12] INFO  com.version.common.util.LoggerUtil:11 - 
服务器返回----------------------------SEND--------------------------------
TO:[id: 0xf4b9cf54, L:/192.168.31.215:34700 - R:/192.168.31.50:58819]
CODE:269997[269997]

-----------------------------------------------------------------





currentCtrlPos: 3
ctrlTime: 5
checkOutCard: 11

2018-12-08 17:00:50.535 [pool-1-thread-12] INFO  com.version.common.util.LoggerUtil:11 - 
服务器返回----------------------------SEND--------------------------------
TO:[id: 0x49bcddaa, L:/192.168.31.215:34700 - R:/192.168.31.50:58809]
CODE:269997[269997]

-----------------------------------------------------------------





currentCtrlPos: 3
ctrlTime: 5
checkOutCard: 11

2018-12-08 17:00:50.535 [pool-1-thread-12] INFO  com.version.common.util.LoggerUtil:11 - 当前的操作位置:3
2018-12-08 17:00:52.098 [pool-1-thread-12] INFO  com.version.common.util.LoggerUtil:11 - 
----------------------------RECIEVED----------------------------
FROM:TcpSocketClient [session=[id: 0x68b390af, L:/192.168.31.215:34700 - R:/192.168.31.50:58924]]
CODE:269992[269992]

-----------------------------------------------------------------


2018-12-08 17:00:52.098 [pool-1-thread-12] INFO  com.version.common.util.LoggerUtil:11 - 
服务器返回----------------------------SEND--------------------------------
TO:[id: 0x68b390af, L:/192.168.31.215:34700 - R:/192.168.31.50:58924]
CODE:269991[269991]

-----------------------------------------------------------------





result {
  code: 200
  success: true
}

2018-12-08 17:00:52.098 [pool-1-thread-12] INFO  com.version.common.util.LoggerUtil:11 - 
服务器返回----------------------------SEND--------------------------------
TO:[id: 0x68b390af, L:/192.168.31.215:34700 - R:/192.168.31.50:58924]
CODE:269990[269990]

-----------------------------------------------------------------





outCardsType: 2
allMultiple: 1
lastCardNum: 7
uId: "116981"

2018-12-08 17:00:52.098 [pool-1-thread-12] INFO  com.version.common.util.LoggerUtil:11 - 
服务器返回----------------------------SEND--------------------------------
TO:[id: 0xf4b9cf54, L:/192.168.31.215:34700 - R:/192.168.31.50:58819]
CODE:269990[269990]

-----------------------------------------------------------------





outCardsType: 2
allMultiple: 1
lastCardNum: 7
uId: "116981"

2018-12-08 17:00:52.098 [pool-1-thread-12] INFO  com.version.common.util.LoggerUtil:11 - 
服务器返回----------------------------SEND--------------------------------
TO:[id: 0x49bcddaa, L:/192.168.31.215:34700 - R:/192.168.31.50:58809]
CODE:269990[269990]

-----------------------------------------------------------------





outCardsType: 2
allMultiple: 1
lastCardNum: 7
uId: "116981"

2018-12-08 17:00:52.099 [pool-1-thread-12] INFO  com.version.common.util.LoggerUtil:11 - 
服务器返回----------------------------SEND--------------------------------
TO:[id: 0x68b390af, L:/192.168.31.215:34700 - R:/192.168.31.50:58924]
CODE:269997[269997]

-----------------------------------------------------------------





currentCtrlPos: 1
ctrlTime: 5
checkOutCard: 11

2018-12-08 17:00:52.099 [pool-1-thread-12] INFO  com.version.common.util.LoggerUtil:11 - 
服务器返回----------------------------SEND--------------------------------
TO:[id: 0xf4b9cf54, L:/192.168.31.215:34700 - R:/192.168.31.50:58819]
CODE:269997[269997]

-----------------------------------------------------------------





currentCtrlPos: 1
ctrlTime: 5
checkOutCard: 11

2018-12-08 17:00:52.099 [pool-1-thread-12] INFO  com.version.common.util.LoggerUtil:11 - 
服务器返回----------------------------SEND--------------------------------
TO:[id: 0x49bcddaa, L:/192.168.31.215:34700 - R:/192.168.31.50:58809]
CODE:269997[269997]

-----------------------------------------------------------------





currentCtrlPos: 1
ctrlTime: 5
checkOutCard: 11

2018-12-08 17:00:52.099 [pool-1-thread-12] INFO  com.version.common.util.LoggerUtil:11 - 当前的操作位置:1
2018-12-08 17:00:54.452 [pool-1-thread-12] INFO  com.version.common.util.LoggerUtil:11 - 
----------------------------RECIEVED----------------------------
FROM:TcpSocketClient [session=[id: 0x49bcddaa, L:/192.168.31.215:34700 - R:/192.168.31.50:58809]]
CODE:269992[269992]

-----------------------------------------------------------------


2018-12-08 17:00:54.452 [pool-1-thread-12] INFO  com.version.common.util.LoggerUtil:11 - 
服务器返回----------------------------SEND--------------------------------
TO:[id: 0x49bcddaa, L:/192.168.31.215:34700 - R:/192.168.31.50:58809]
CODE:269991[269991]

-----------------------------------------------------------------





result {
  code: 200
  success: true
}

2018-12-08 17:00:54.452 [pool-1-thread-12] INFO  com.version.common.util.LoggerUtil:11 - 
服务器返回----------------------------SEND--------------------------------
TO:[id: 0x68b390af, L:/192.168.31.215:34700 - R:/192.168.31.50:58924]
CODE:269990[269990]

-----------------------------------------------------------------





outCardsType: 0
allMultiple: 1
lastCardNum: 6
uId: "100014"
roundOver: 1

2018-12-08 17:00:54.452 [pool-1-thread-12] INFO  com.version.common.util.LoggerUtil:11 - 
服务器返回----------------------------SEND--------------------------------
TO:[id: 0xf4b9cf54, L:/192.168.31.215:34700 - R:/192.168.31.50:58819]
CODE:269990[269990]

-----------------------------------------------------------------





outCardsType: 0
allMultiple: 1
lastCardNum: 6
uId: "100014"
roundOver: 1

2018-12-08 17:00:54.452 [pool-1-thread-12] INFO  com.version.common.util.LoggerUtil:11 - 
服务器返回----------------------------SEND--------------------------------
TO:[id: 0x49bcddaa, L:/192.168.31.215:34700 - R:/192.168.31.50:58809]
CODE:269990[269990]

-----------------------------------------------------------------





outCardsType: 0
allMultiple: 1
lastCardNum: 6
uId: "100014"
roundOver: 1

2018-12-08 17:00:54.452 [pool-1-thread-12] INFO  com.version.common.util.LoggerUtil:11 - 
服务器返回----------------------------SEND--------------------------------
TO:[id: 0x68b390af, L:/192.168.31.215:34700 - R:/192.168.31.50:58924]
CODE:269997[269997]

-----------------------------------------------------------------





currentCtrlPos: 2
ctrlTime: 5
checkOutCard: 11

2018-12-08 17:00:54.453 [pool-1-thread-12] INFO  com.version.common.util.LoggerUtil:11 - 
服务器返回----------------------------SEND--------------------------------
TO:[id: 0xf4b9cf54, L:/192.168.31.215:34700 - R:/192.168.31.50:58819]
CODE:269997[269997]

-----------------------------------------------------------------





currentCtrlPos: 2
ctrlTime: 5
checkOutCard: 11

2018-12-08 17:00:54.453 [pool-1-thread-12] INFO  com.version.common.util.LoggerUtil:11 - 
服务器返回----------------------------SEND--------------------------------
TO:[id: 0x49bcddaa, L:/192.168.31.215:34700 - R:/192.168.31.50:58809]
CODE:269997[269997]

-----------------------------------------------------------------





currentCtrlPos: 2
ctrlTime: 5
checkOutCard: 11

2018-12-08 17:00:54.453 [pool-1-thread-12] INFO  com.version.common.util.LoggerUtil:11 - 当前的操作位置:2
2018-12-08 17:00:58.628 [pool-1-thread-12] INFO  com.version.common.util.LoggerUtil:11 - 
----------------------------RECIEVED----------------------------
FROM:TcpSocketClient [session=[id: 0xf4b9cf54, L:/192.168.31.215:34700 - R:/192.168.31.50:58819]]
CODE:269992[269992]
cards {
  cardId: 109
  cardNum: 9
  cardColor: 1
}
cards {
  cardId: 307
  cardNum: 7
  cardColor: 3
}

-----------------------------------------------------------------


2018-12-08 17:00:58.628 [pool-1-thread-12] INFO  com.version.common.util.LoggerUtil:11 - 
服务器返回----------------------------SEND--------------------------------
TO:[id: 0xf4b9cf54, L:/192.168.31.215:34700 - R:/192.168.31.50:58819]
CODE:269991[269991]

-----------------------------------------------------------------





result {
  code: 200
  success: true
}

2018-12-08 17:00:58.628 [pool-1-thread-12] INFO  com.version.common.util.LoggerUtil:11 - 
服务器返回----------------------------SEND--------------------------------
TO:[id: 0xf4b9cf54, L:/192.168.31.215:34700 - R:/192.168.31.50:58819]
CODE:269991[269991]

-----------------------------------------------------------------





result {
  code: 404
  success: false
  msg: "\345\207\272\347\211\214\344\270\215\347\254\246\345\220\210\350\247\204\345\210\231"
}

2018-12-08 17:01:00.251 [pool-1-thread-12] INFO  com.version.common.util.LoggerUtil:11 - 
----------------------------RECIEVED----------------------------
FROM:TcpSocketClient [session=[id: 0xf4b9cf54, L:/192.168.31.215:34700 - R:/192.168.31.50:58819]]
CODE:269992[269992]
cards {
  cardId: 307
  cardNum: 7
  cardColor: 3
}

-----------------------------------------------------------------


2018-12-08 17:01:00.251 [pool-1-thread-12] INFO  com.version.common.util.LoggerUtil:11 - 
服务器返回----------------------------SEND--------------------------------
TO:[id: 0xf4b9cf54, L:/192.168.31.215:34700 - R:/192.168.31.50:58819]
CODE:269991[269991]

-----------------------------------------------------------------





result {
  code: 200
  success: true
}

2018-12-08 17:01:00.251 [pool-1-thread-12] INFO  com.version.common.util.LoggerUtil:11 - 
服务器返回----------------------------SEND--------------------------------
TO:[id: 0xf4b9cf54, L:/192.168.31.215:34700 - R:/192.168.31.50:58819]
CODE:269991[269991]

-----------------------------------------------------------------





result {
  code: 200
  success: true
}

2018-12-08 17:01:00.251 [pool-1-thread-12] INFO  com.version.common.util.LoggerUtil:11 - 
服务器返回----------------------------SEND--------------------------------
TO:[id: 0x68b390af, L:/192.168.31.215:34700 - R:/192.168.31.50:58924]
CODE:269990[269990]

-----------------------------------------------------------------





outCards {
  cardId: 307
  cardNum: 7
  cardColor: 3
}
outCardsType: 1
allMultiple: 1
lastCardNum: 2
uId: "100012"

2018-12-08 17:01:00.251 [pool-1-thread-12] INFO  com.version.common.util.LoggerUtil:11 - 
服务器返回----------------------------SEND--------------------------------
TO:[id: 0xf4b9cf54, L:/192.168.31.215:34700 - R:/192.168.31.50:58819]
CODE:269990[269990]

-----------------------------------------------------------------





outCards {
  cardId: 307
  cardNum: 7
  cardColor: 3
}
outCardsType: 1
allMultiple: 1
lastCardNum: 2
uId: "100012"

2018-12-08 17:01:00.251 [pool-1-thread-12] INFO  com.version.common.util.LoggerUtil:11 - 
服务器返回----------------------------SEND--------------------------------
TO:[id: 0x49bcddaa, L:/192.168.31.215:34700 - R:/192.168.31.50:58809]
CODE:269990[269990]

-----------------------------------------------------------------





outCards {
  cardId: 307
  cardNum: 7
  cardColor: 3
}
outCardsType: 1
allMultiple: 1
lastCardNum: 2
uId: "100012"

2018-12-08 17:01:00.251 [pool-1-thread-12] INFO  com.version.common.util.LoggerUtil:11 - 当前玩家的剩余牌数量:2
2018-12-08 17:01:00.251 [pool-1-thread-12] INFO  com.version.common.util.LoggerUtil:11 - 
服务器返回----------------------------SEND--------------------------------
TO:[id: 0x68b390af, L:/192.168.31.215:34700 - R:/192.168.31.50:58924]
CODE:269997[269997]

-----------------------------------------------------------------





currentCtrlPos: 3
ctrlTime: 5
checkOutCard: 11

2018-12-08 17:01:00.252 [pool-1-thread-12] INFO  com.version.common.util.LoggerUtil:11 - 
服务器返回----------------------------SEND--------------------------------
TO:[id: 0xf4b9cf54, L:/192.168.31.215:34700 - R:/192.168.31.50:58819]
CODE:269997[269997]

-----------------------------------------------------------------





currentCtrlPos: 3
ctrlTime: 5
checkOutCard: 11

2018-12-08 17:01:00.252 [pool-1-thread-12] INFO  com.version.common.util.LoggerUtil:11 - 
服务器返回----------------------------SEND--------------------------------
TO:[id: 0x49bcddaa, L:/192.168.31.215:34700 - R:/192.168.31.50:58809]
CODE:269997[269997]

-----------------------------------------------------------------





currentCtrlPos: 3
ctrlTime: 5
checkOutCard: 11

2018-12-08 17:01:00.252 [pool-1-thread-12] INFO  com.version.common.util.LoggerUtil:11 - 当前的操作位置:3
2018-12-08 17:01:10.501 [pool-1-thread-12] INFO  com.version.common.util.LoggerUtil:11 - 
----------------------------RECIEVED----------------------------
FROM:TcpSocketClient [session=[id: 0x68b390af, L:/192.168.31.215:34700 - R:/192.168.31.50:58924]]
CODE:269992[269992]
cards {
  cardId: 114
  cardNum: 14
  cardColor: 1
}

-----------------------------------------------------------------


2018-12-08 17:01:10.501 [pool-1-thread-12] INFO  com.version.common.util.LoggerUtil:11 - 
服务器返回----------------------------SEND--------------------------------
TO:[id: 0x68b390af, L:/192.168.31.215:34700 - R:/192.168.31.50:58924]
CODE:269991[269991]

-----------------------------------------------------------------





result {
  code: 200
  success: true
}

2018-12-08 17:01:10.501 [pool-1-thread-12] INFO  com.version.common.util.LoggerUtil:11 - 
服务器返回----------------------------SEND--------------------------------
TO:[id: 0x68b390af, L:/192.168.31.215:34700 - R:/192.168.31.50:58924]
CODE:269991[269991]

-----------------------------------------------------------------





result {
  code: 200
  success: true
}

2018-12-08 17:01:10.501 [pool-1-thread-12] INFO  com.version.common.util.LoggerUtil:11 - 
服务器返回----------------------------SEND--------------------------------
TO:[id: 0x68b390af, L:/192.168.31.215:34700 - R:/192.168.31.50:58924]
CODE:269990[269990]

-----------------------------------------------------------------





outCards {
  cardId: 114
  cardNum: 14
  cardColor: 1
}
outCardsType: 1
allMultiple: 1
lastCardNum: 6
uId: "116981"

2018-12-08 17:01:10.501 [pool-1-thread-12] INFO  com.version.common.util.LoggerUtil:11 - 
服务器返回----------------------------SEND--------------------------------
TO:[id: 0xf4b9cf54, L:/192.168.31.215:34700 - R:/192.168.31.50:58819]
CODE:269990[269990]

-----------------------------------------------------------------





outCards {
  cardId: 114
  cardNum: 14
  cardColor: 1
}
outCardsType: 1
allMultiple: 1
lastCardNum: 6
uId: "116981"

2018-12-08 17:01:10.501 [pool-1-thread-12] INFO  com.version.common.util.LoggerUtil:11 - 
服务器返回----------------------------SEND--------------------------------
TO:[id: 0x49bcddaa, L:/192.168.31.215:34700 - R:/192.168.31.50:58809]
CODE:269990[269990]

-----------------------------------------------------------------





outCards {
  cardId: 114
  cardNum: 14
  cardColor: 1
}
outCardsType: 1
allMultiple: 1
lastCardNum: 6
uId: "116981"

2018-12-08 17:01:10.501 [pool-1-thread-12] INFO  com.version.common.util.LoggerUtil:11 - 当前玩家的剩余牌数量:6
2018-12-08 17:01:10.502 [pool-1-thread-12] INFO  com.version.common.util.LoggerUtil:11 - 
服务器返回----------------------------SEND--------------------------------
TO:[id: 0x68b390af, L:/192.168.31.215:34700 - R:/192.168.31.50:58924]
CODE:269997[269997]

-----------------------------------------------------------------





currentCtrlPos: 1
ctrlTime: 5
checkOutCard: 11

2018-12-08 17:01:10.502 [pool-1-thread-12] INFO  com.version.common.util.LoggerUtil:11 - 
服务器返回----------------------------SEND--------------------------------
TO:[id: 0xf4b9cf54, L:/192.168.31.215:34700 - R:/192.168.31.50:58819]
CODE:269997[269997]

-----------------------------------------------------------------





currentCtrlPos: 1
ctrlTime: 5
checkOutCard: 11

2018-12-08 17:01:10.502 [pool-1-thread-12] INFO  com.version.common.util.LoggerUtil:11 - 
服务器返回----------------------------SEND--------------------------------
TO:[id: 0x49bcddaa, L:/192.168.31.215:34700 - R:/192.168.31.50:58809]
CODE:269997[269997]

-----------------------------------------------------------------





currentCtrlPos: 1
ctrlTime: 5
checkOutCard: 11

2018-12-08 17:01:10.502 [pool-1-thread-12] INFO  com.version.common.util.LoggerUtil:11 - 当前的操作位置:1
2018-12-08 17:01:14.059 [pool-1-thread-12] INFO  com.version.common.util.LoggerUtil:11 - 
----------------------------RECIEVED----------------------------
FROM:TcpSocketClient [session=[id: 0x49bcddaa, L:/192.168.31.215:34700 - R:/192.168.31.50:58809]]
CODE:269992[269992]
cards {
  cardId: 516
  cardNum: 16
  cardColor: 5
}

-----------------------------------------------------------------


2018-12-08 17:01:14.059 [pool-1-thread-12] INFO  com.version.common.util.LoggerUtil:11 - 
服务器返回----------------------------SEND--------------------------------
TO:[id: 0x49bcddaa, L:/192.168.31.215:34700 - R:/192.168.31.50:58809]
CODE:269991[269991]

-----------------------------------------------------------------





result {
  code: 200
  success: true
}

2018-12-08 17:01:14.059 [pool-1-thread-12] INFO  com.version.common.util.LoggerUtil:11 - 
服务器返回----------------------------SEND--------------------------------
TO:[id: 0x49bcddaa, L:/192.168.31.215:34700 - R:/192.168.31.50:58809]
CODE:269991[269991]

-----------------------------------------------------------------





result {
  code: 200
  success: true
}

2018-12-08 17:01:14.059 [pool-1-thread-12] INFO  com.version.common.util.LoggerUtil:11 - 
服务器返回----------------------------SEND--------------------------------
TO:[id: 0x68b390af, L:/192.168.31.215:34700 - R:/192.168.31.50:58924]
CODE:269990[269990]

-----------------------------------------------------------------





outCards {
  cardId: 516
  cardNum: 16
  cardColor: 5
}
outCardsType: 1
allMultiple: 1
lastCardNum: 5
uId: "100014"

2018-12-08 17:01:14.059 [pool-1-thread-12] INFO  com.version.common.util.LoggerUtil:11 - 
服务器返回----------------------------SEND--------------------------------
TO:[id: 0xf4b9cf54, L:/192.168.31.215:34700 - R:/192.168.31.50:58819]
CODE:269990[269990]

-----------------------------------------------------------------





outCards {
  cardId: 516
  cardNum: 16
  cardColor: 5
}
outCardsType: 1
allMultiple: 1
lastCardNum: 5
uId: "100014"

2018-12-08 17:01:14.059 [pool-1-thread-12] INFO  com.version.common.util.LoggerUtil:11 - 
服务器返回----------------------------SEND--------------------------------
TO:[id: 0x49bcddaa, L:/192.168.31.215:34700 - R:/192.168.31.50:58809]
CODE:269990[269990]

-----------------------------------------------------------------





outCards {
  cardId: 516
  cardNum: 16
  cardColor: 5
}
outCardsType: 1
allMultiple: 1
lastCardNum: 5
uId: "100014"

2018-12-08 17:01:14.059 [pool-1-thread-12] INFO  com.version.common.util.LoggerUtil:11 - 当前玩家的剩余牌数量:5
2018-12-08 17:01:14.060 [pool-1-thread-12] INFO  com.version.common.util.LoggerUtil:11 - 
服务器返回----------------------------SEND--------------------------------
TO:[id: 0x68b390af, L:/192.168.31.215:34700 - R:/192.168.31.50:58924]
CODE:269997[269997]

-----------------------------------------------------------------





currentCtrlPos: 2
ctrlTime: 5
checkOutCard: 11

2018-12-08 17:01:14.060 [pool-1-thread-12] INFO  com.version.common.util.LoggerUtil:11 - 
服务器返回----------------------------SEND--------------------------------
TO:[id: 0xf4b9cf54, L:/192.168.31.215:34700 - R:/192.168.31.50:58819]
CODE:269997[269997]

-----------------------------------------------------------------





currentCtrlPos: 2
ctrlTime: 5
checkOutCard: 11

2018-12-08 17:01:14.060 [pool-1-thread-12] INFO  com.version.common.util.LoggerUtil:11 - 
服务器返回----------------------------SEND--------------------------------
TO:[id: 0x49bcddaa, L:/192.168.31.215:34700 - R:/192.168.31.50:58809]
CODE:269997[269997]

-----------------------------------------------------------------





currentCtrlPos: 2
ctrlTime: 5
checkOutCard: 11

2018-12-08 17:01:14.060 [pool-1-thread-12] INFO  com.version.common.util.LoggerUtil:11 - 当前的操作位置:2
2018-12-08 17:01:17.878 [pool-1-thread-12] INFO  com.version.common.util.LoggerUtil:11 - 
----------------------------RECIEVED----------------------------
FROM:TcpSocketClient [session=[id: 0xf4b9cf54, L:/192.168.31.215:34700 - R:/192.168.31.50:58819]]
CODE:269992[269992]

-----------------------------------------------------------------


2018-12-08 17:01:17.878 [pool-1-thread-12] INFO  com.version.common.util.LoggerUtil:11 - 
服务器返回----------------------------SEND--------------------------------
TO:[id: 0xf4b9cf54, L:/192.168.31.215:34700 - R:/192.168.31.50:58819]
CODE:269991[269991]

-----------------------------------------------------------------





result {
  code: 200
  success: true
}

2018-12-08 17:01:17.879 [pool-1-thread-12] INFO  com.version.common.util.LoggerUtil:11 - 
服务器返回----------------------------SEND--------------------------------
TO:[id: 0x68b390af, L:/192.168.31.215:34700 - R:/192.168.31.50:58924]
CODE:269990[269990]

-----------------------------------------------------------------





outCardsType: 1
allMultiple: 1
lastCardNum: 2
uId: "100012"

2018-12-08 17:01:17.879 [pool-1-thread-12] INFO  com.version.common.util.LoggerUtil:11 - 
服务器返回----------------------------SEND--------------------------------
TO:[id: 0xf4b9cf54, L:/192.168.31.215:34700 - R:/192.168.31.50:58819]
CODE:269990[269990]

-----------------------------------------------------------------





outCardsType: 1
allMultiple: 1
lastCardNum: 2
uId: "100012"

2018-12-08 17:01:17.880 [pool-1-thread-12] INFO  com.version.common.util.LoggerUtil:11 - 
服务器返回----------------------------SEND--------------------------------
TO:[id: 0x49bcddaa, L:/192.168.31.215:34700 - R:/192.168.31.50:58809]
CODE:269990[269990]

-----------------------------------------------------------------





outCardsType: 1
allMultiple: 1
lastCardNum: 2
uId: "100012"

2018-12-08 17:01:17.881 [pool-1-thread-12] INFO  com.version.common.util.LoggerUtil:11 - 
服务器返回----------------------------SEND--------------------------------
TO:[id: 0x68b390af, L:/192.168.31.215:34700 - R:/192.168.31.50:58924]
CODE:269997[269997]

-----------------------------------------------------------------





currentCtrlPos: 3
ctrlTime: 5
checkOutCard: 11

2018-12-08 17:01:17.881 [pool-1-thread-12] INFO  com.version.common.util.LoggerUtil:11 - 
服务器返回----------------------------SEND--------------------------------
TO:[id: 0xf4b9cf54, L:/192.168.31.215:34700 - R:/192.168.31.50:58819]
CODE:269997[269997]

-----------------------------------------------------------------





currentCtrlPos: 3
ctrlTime: 5
checkOutCard: 11

2018-12-08 17:01:17.881 [pool-1-thread-12] INFO  com.version.common.util.LoggerUtil:11 - 
服务器返回----------------------------SEND--------------------------------
TO:[id: 0x49bcddaa, L:/192.168.31.215:34700 - R:/192.168.31.50:58809]
CODE:269997[269997]

-----------------------------------------------------------------





currentCtrlPos: 3
ctrlTime: 5
checkOutCard: 11

2018-12-08 17:01:17.882 [pool-1-thread-12] INFO  com.version.common.util.LoggerUtil:11 - 当前的操作位置:3
2018-12-08 17:01:19.607 [pool-1-thread-12] INFO  com.version.common.util.LoggerUtil:11 - 
----------------------------RECIEVED----------------------------
FROM:TcpSocketClient [session=[id: 0x68b390af, L:/192.168.31.215:34700 - R:/192.168.31.50:58924]]
CODE:269992[269992]
cards {
  cardId: 517
  cardNum: 17
  cardColor: 5
}

-----------------------------------------------------------------


2018-12-08 17:01:19.607 [pool-1-thread-12] INFO  com.version.common.util.LoggerUtil:11 - 
服务器返回----------------------------SEND--------------------------------
TO:[id: 0x68b390af, L:/192.168.31.215:34700 - R:/192.168.31.50:58924]
CODE:269991[269991]

-----------------------------------------------------------------





result {
  code: 200
  success: true
}

2018-12-08 17:01:19.607 [pool-1-thread-12] INFO  com.version.common.util.LoggerUtil:11 - 
服务器返回----------------------------SEND--------------------------------
TO:[id: 0x68b390af, L:/192.168.31.215:34700 - R:/192.168.31.50:58924]
CODE:269991[269991]

-----------------------------------------------------------------





result {
  code: 200
  success: true
}

2018-12-08 17:01:19.607 [pool-1-thread-12] INFO  com.version.common.util.LoggerUtil:11 - 
服务器返回----------------------------SEND--------------------------------
TO:[id: 0x68b390af, L:/192.168.31.215:34700 - R:/192.168.31.50:58924]
CODE:269990[269990]

-----------------------------------------------------------------





outCards {
  cardId: 517
  cardNum: 17
  cardColor: 5
}
outCardsType: 1
allMultiple: 1
lastCardNum: 5
uId: "116981"

2018-12-08 17:01:19.607 [pool-1-thread-12] INFO  com.version.common.util.LoggerUtil:11 - 
服务器返回----------------------------SEND--------------------------------
TO:[id: 0xf4b9cf54, L:/192.168.31.215:34700 - R:/192.168.31.50:58819]
CODE:269990[269990]

-----------------------------------------------------------------





outCards {
  cardId: 517
  cardNum: 17
  cardColor: 5
}
outCardsType: 1
allMultiple: 1
lastCardNum: 5
uId: "116981"

2018-12-08 17:01:19.608 [pool-1-thread-12] INFO  com.version.common.util.LoggerUtil:11 - 
服务器返回----------------------------SEND--------------------------------
TO:[id: 0x49bcddaa, L:/192.168.31.215:34700 - R:/192.168.31.50:58809]
CODE:269990[269990]

-----------------------------------------------------------------





outCards {
  cardId: 517
  cardNum: 17
  cardColor: 5
}
outCardsType: 1
allMultiple: 1
lastCardNum: 5
uId: "116981"

2018-12-08 17:01:19.608 [pool-1-thread-12] INFO  com.version.common.util.LoggerUtil:11 - 当前玩家的剩余牌数量:5
2018-12-08 17:01:19.608 [pool-1-thread-12] INFO  com.version.common.util.LoggerUtil:11 - 
服务器返回----------------------------SEND--------------------------------
TO:[id: 0x68b390af, L:/192.168.31.215:34700 - R:/192.168.31.50:58924]
CODE:269997[269997]

-----------------------------------------------------------------





currentCtrlPos: 1
ctrlTime: 5
checkOutCard: 11

2018-12-08 17:01:19.608 [pool-1-thread-12] INFO  com.version.common.util.LoggerUtil:11 - 
服务器返回----------------------------SEND--------------------------------
TO:[id: 0xf4b9cf54, L:/192.168.31.215:34700 - R:/192.168.31.50:58819]
CODE:269997[269997]

-----------------------------------------------------------------





currentCtrlPos: 1
ctrlTime: 5
checkOutCard: 11

2018-12-08 17:01:19.608 [pool-1-thread-12] INFO  com.version.common.util.LoggerUtil:11 - 
服务器返回----------------------------SEND--------------------------------
TO:[id: 0x49bcddaa, L:/192.168.31.215:34700 - R:/192.168.31.50:58809]
CODE:269997[269997]

-----------------------------------------------------------------





currentCtrlPos: 1
ctrlTime: 5
checkOutCard: 11

2018-12-08 17:01:19.608 [pool-1-thread-12] INFO  com.version.common.util.LoggerUtil:11 - 当前的操作位置:1
2018-12-08 17:01:25.091 [pool-1-thread-12] INFO  com.version.common.util.LoggerUtil:11 - 
----------------------------RECIEVED----------------------------
FROM:TcpSocketClient [session=[id: 0x49bcddaa, L:/192.168.31.215:34700 - R:/192.168.31.50:58809]]
CODE:269992[269992]
cards {
  cardId: 412
  cardNum: 12
  cardColor: 4
}

-----------------------------------------------------------------


2018-12-08 17:01:25.091 [pool-1-thread-12] INFO  com.version.common.util.LoggerUtil:11 - 
服务器返回----------------------------SEND--------------------------------
TO:[id: 0x49bcddaa, L:/192.168.31.215:34700 - R:/192.168.31.50:58809]
CODE:269991[269991]

-----------------------------------------------------------------





result {
  code: 200
  success: true
}

2018-12-08 17:01:25.092 [pool-1-thread-12] INFO  com.version.common.util.LoggerUtil:11 - 
服务器返回----------------------------SEND--------------------------------
TO:[id: 0x49bcddaa, L:/192.168.31.215:34700 - R:/192.168.31.50:58809]
CODE:269991[269991]

-----------------------------------------------------------------





result {
  code: 404
  success: false
  msg: "\345\215\225\345\274\240\344\270\215\347\254\246\345\220\210\345\275\223\345\211\215\345\207\272\347\211\214\350\247\204\345\210\231"
}

2018-12-08 17:01:25.758 [pool-1-thread-12] INFO  com.version.common.util.LoggerUtil:11 - 
----------------------------RECIEVED----------------------------
FROM:TcpSocketClient [session=[id: 0x49bcddaa, L:/192.168.31.215:34700 - R:/192.168.31.50:58809]]
CODE:269992[269992]
cards {
  cardId: 412
  cardNum: 12
  cardColor: 4
}

-----------------------------------------------------------------


2018-12-08 17:01:25.759 [pool-1-thread-12] INFO  com.version.common.util.LoggerUtil:11 - 
服务器返回----------------------------SEND--------------------------------
TO:[id: 0x49bcddaa, L:/192.168.31.215:34700 - R:/192.168.31.50:58809]
CODE:269991[269991]

-----------------------------------------------------------------





result {
  code: 200
  success: true
}

2018-12-08 17:01:25.759 [pool-1-thread-12] INFO  com.version.common.util.LoggerUtil:11 - 
服务器返回----------------------------SEND--------------------------------
TO:[id: 0x49bcddaa, L:/192.168.31.215:34700 - R:/192.168.31.50:58809]
CODE:269991[269991]

-----------------------------------------------------------------





result {
  code: 404
  success: false
  msg: "\345\215\225\345\274\240\344\270\215\347\254\246\345\220\210\345\275\223\345\211\215\345\207\272\347\211\214\350\247\204\345\210\231"
}

2018-12-08 17:01:26.496 [pool-1-thread-12] INFO  com.version.common.util.LoggerUtil:11 - 
----------------------------RECIEVED----------------------------
FROM:TcpSocketClient [session=[id: 0x49bcddaa, L:/192.168.31.215:34700 - R:/192.168.31.50:58809]]
CODE:269992[269992]
cards {
  cardId: 412
  cardNum: 12
  cardColor: 4
}

-----------------------------------------------------------------


2018-12-08 17:01:26.496 [pool-1-thread-12] INFO  com.version.common.util.LoggerUtil:11 - 
服务器返回----------------------------SEND--------------------------------
TO:[id: 0x49bcddaa, L:/192.168.31.215:34700 - R:/192.168.31.50:58809]
CODE:269991[269991]

-----------------------------------------------------------------





result {
  code: 200
  success: true
}

2018-12-08 17:01:26.496 [pool-1-thread-12] INFO  com.version.common.util.LoggerUtil:11 - 
服务器返回----------------------------SEND--------------------------------
TO:[id: 0x49bcddaa, L:/192.168.31.215:34700 - R:/192.168.31.50:58809]
CODE:269991[269991]

-----------------------------------------------------------------





result {
  code: 404
  success: false
  msg: "\345\215\225\345\274\240\344\270\215\347\254\246\345\220\210\345\275\223\345\211\215\345\207\272\347\211\214\350\247\204\345\210\231"
}

2018-12-08 17:01:27.312 [pool-1-thread-12] INFO  com.version.common.util.LoggerUtil:11 - 
----------------------------RECIEVED----------------------------
FROM:TcpSocketClient [session=[id: 0x49bcddaa, L:/192.168.31.215:34700 - R:/192.168.31.50:58809]]
CODE:269992[269992]
cards {
  cardId: 412
  cardNum: 12
  cardColor: 4
}

-----------------------------------------------------------------


2018-12-08 17:01:27.312 [pool-1-thread-12] INFO  com.version.common.util.LoggerUtil:11 - 
服务器返回----------------------------SEND--------------------------------
TO:[id: 0x49bcddaa, L:/192.168.31.215:34700 - R:/192.168.31.50:58809]
CODE:269991[269991]

-----------------------------------------------------------------





result {
  code: 200
  success: true
}

2018-12-08 17:01:27.312 [pool-1-thread-12] INFO  com.version.common.util.LoggerUtil:11 - 
服务器返回----------------------------SEND--------------------------------
TO:[id: 0x49bcddaa, L:/192.168.31.215:34700 - R:/192.168.31.50:58809]
CODE:269991[269991]

-----------------------------------------------------------------





result {
  code: 404
  success: false
  msg: "\345\215\225\345\274\240\344\270\215\347\254\246\345\220\210\345\275\223\345\211\215\345\207\272\347\211\214\350\247\204\345\210\231"
}

2018-12-08 17:01:28.134 [pool-1-thread-12] INFO  com.version.common.util.LoggerUtil:11 - 
----------------------------RECIEVED----------------------------
FROM:TcpSocketClient [session=[id: 0x49bcddaa, L:/192.168.31.215:34700 - R:/192.168.31.50:58809]]
CODE:269992[269992]
cards {
  cardId: 412
  cardNum: 12
  cardColor: 4
}

-----------------------------------------------------------------


2018-12-08 17:01:28.134 [pool-1-thread-12] INFO  com.version.common.util.LoggerUtil:11 - 
服务器返回----------------------------SEND--------------------------------
TO:[id: 0x49bcddaa, L:/192.168.31.215:34700 - R:/192.168.31.50:58809]
CODE:269991[269991]

-----------------------------------------------------------------





result {
  code: 200
  success: true
}

2018-12-08 17:01:28.135 [pool-1-thread-12] INFO  com.version.common.util.LoggerUtil:11 - 
服务器返回----------------------------SEND--------------------------------
TO:[id: 0x49bcddaa, L:/192.168.31.215:34700 - R:/192.168.31.50:58809]
CODE:269991[269991]

-----------------------------------------------------------------





result {
  code: 404
  success: false
  msg: "\345\215\225\345\274\240\344\270\215\347\254\246\345\220\210\345\275\223\345\211\215\345\207\272\347\211\214\350\247\204\345\210\231"
}

2018-12-08 17:01:32.816 [pool-1-thread-12] INFO  com.version.common.util.LoggerUtil:11 - 
----------------------------RECIEVED----------------------------
FROM:TcpSocketClient [session=[id: 0x49bcddaa, L:/192.168.31.215:34700 - R:/192.168.31.50:58809]]
CODE:269992[269992]
cards {
  cardId: 412
  cardNum: 12
  cardColor: 4
}

-----------------------------------------------------------------


2018-12-08 17:01:32.816 [pool-1-thread-12] INFO  com.version.common.util.LoggerUtil:11 - 
服务器返回----------------------------SEND--------------------------------
TO:[id: 0x49bcddaa, L:/192.168.31.215:34700 - R:/192.168.31.50:58809]
CODE:269991[269991]

-----------------------------------------------------------------





result {
  code: 200
  success: true
}

2018-12-08 17:01:32.817 [pool-1-thread-12] INFO  com.version.common.util.LoggerUtil:11 - 
服务器返回----------------------------SEND--------------------------------
TO:[id: 0x49bcddaa, L:/192.168.31.215:34700 - R:/192.168.31.50:58809]
CODE:269991[269991]

-----------------------------------------------------------------





result {
  code: 404
  success: false
  msg: "\345\215\225\345\274\240\344\270\215\347\254\246\345\220\210\345\275\223\345\211\215\345\207\272\347\211\214\350\247\204\345\210\231"
}

2018-12-08 17:01:34.100 [pool-1-thread-12] INFO  com.version.common.util.LoggerUtil:11 - 
----------------------------RECIEVED----------------------------
FROM:TcpSocketClient [session=[id: 0x49bcddaa, L:/192.168.31.215:34700 - R:/192.168.31.50:58809]]
CODE:269992[269992]
cards {
  cardId: 412
  cardNum: 12
  cardColor: 4
}

-----------------------------------------------------------------


2018-12-08 17:01:34.100 [pool-1-thread-12] INFO  com.version.common.util.LoggerUtil:11 - 
服务器返回----------------------------SEND--------------------------------
TO:[id: 0x49bcddaa, L:/192.168.31.215:34700 - R:/192.168.31.50:58809]
CODE:269991[269991]

-----------------------------------------------------------------





result {
  code: 200
  success: true
}

2018-12-08 17:01:34.100 [pool-1-thread-12] INFO  com.version.common.util.LoggerUtil:11 - 
服务器返回----------------------------SEND--------------------------------
TO:[id: 0x49bcddaa, L:/192.168.31.215:34700 - R:/192.168.31.50:58809]
CODE:269991[269991]

-----------------------------------------------------------------





result {
  code: 404
  success: false
  msg: "\345\215\225\345\274\240\344\270\215\347\254\246\345\220\210\345\275\223\345\211\215\345\207\272\347\211\214\350\247\204\345\210\231"
}

2018-12-08 17:02:18.839 [pool-1-thread-12] INFO  com.version.common.util.LoggerUtil:11 - 
----------------------------RECIEVED----------------------------
FROM:TcpSocketClient [session=[id: 0x49bcddaa, L:/192.168.31.215:34700 - R:/192.168.31.50:58809]]
CODE:269992[269992]

-----------------------------------------------------------------


2018-12-08 17:02:18.839 [pool-1-thread-12] INFO  com.version.common.util.LoggerUtil:11 - 
服务器返回----------------------------SEND--------------------------------
TO:[id: 0x49bcddaa, L:/192.168.31.215:34700 - R:/192.168.31.50:58809]
CODE:269991[269991]

-----------------------------------------------------------------





result {
  code: 200
  success: true
}

2018-12-08 17:02:18.840 [pool-1-thread-12] INFO  com.version.common.util.LoggerUtil:11 - 
服务器返回----------------------------SEND--------------------------------
TO:[id: 0x68b390af, L:/192.168.31.215:34700 - R:/192.168.31.50:58924]
CODE:269990[269990]

-----------------------------------------------------------------





outCardsType: 1
allMultiple: 1
lastCardNum: 5
uId: "100014"

2018-12-08 17:02:18.840 [pool-1-thread-12] INFO  com.version.common.util.LoggerUtil:11 - 
服务器返回----------------------------SEND--------------------------------
TO:[id: 0xf4b9cf54, L:/192.168.31.215:34700 - R:/192.168.31.50:58819]
CODE:269990[269990]

-----------------------------------------------------------------





outCardsType: 1
allMultiple: 1
lastCardNum: 5
uId: "100014"

2018-12-08 17:02:18.840 [pool-1-thread-12] INFO  com.version.common.util.LoggerUtil:11 - 
服务器返回----------------------------SEND--------------------------------
TO:[id: 0x49bcddaa, L:/192.168.31.215:34700 - R:/192.168.31.50:58809]
CODE:269990[269990]

-----------------------------------------------------------------





outCardsType: 1
allMultiple: 1
lastCardNum: 5
uId: "100014"

2018-12-08 17:02:18.840 [pool-1-thread-12] INFO  com.version.common.util.LoggerUtil:11 - 
服务器返回----------------------------SEND--------------------------------
TO:[id: 0x68b390af, L:/192.168.31.215:34700 - R:/192.168.31.50:58924]
CODE:269997[269997]

-----------------------------------------------------------------





currentCtrlPos: 2
ctrlTime: 5
checkOutCard: 11

2018-12-08 17:02:18.840 [pool-1-thread-12] INFO  com.version.common.util.LoggerUtil:11 - 
服务器返回----------------------------SEND--------------------------------
TO:[id: 0xf4b9cf54, L:/192.168.31.215:34700 - R:/192.168.31.50:58819]
CODE:269997[269997]

-----------------------------------------------------------------





currentCtrlPos: 2
ctrlTime: 5
checkOutCard: 11

2018-12-08 17:02:18.840 [pool-1-thread-12] INFO  com.version.common.util.LoggerUtil:11 - 
服务器返回----------------------------SEND--------------------------------
TO:[id: 0x49bcddaa, L:/192.168.31.215:34700 - R:/192.168.31.50:58809]
CODE:269997[269997]

-----------------------------------------------------------------





currentCtrlPos: 2
ctrlTime: 5
checkOutCard: 11

2018-12-08 17:02:18.840 [pool-1-thread-12] INFO  com.version.common.util.LoggerUtil:11 - 当前的操作位置:2
2018-12-08 17:02:27.764 [pool-1-thread-12] INFO  com.version.common.util.LoggerUtil:11 - 
----------------------------RECIEVED----------------------------
FROM:TcpSocketClient [session=[id: 0xf4b9cf54, L:/192.168.31.215:34700 - R:/192.168.31.50:58819]]
CODE:269992[269992]

-----------------------------------------------------------------


2018-12-08 17:02:27.764 [pool-1-thread-12] INFO  com.version.common.util.LoggerUtil:11 - 
服务器返回----------------------------SEND--------------------------------
TO:[id: 0xf4b9cf54, L:/192.168.31.215:34700 - R:/192.168.31.50:58819]
CODE:269991[269991]

-----------------------------------------------------------------





result {
  code: 200
  success: true
}

2018-12-08 17:02:27.764 [pool-1-thread-12] INFO  com.version.common.util.LoggerUtil:11 - 
服务器返回----------------------------SEND--------------------------------
TO:[id: 0x68b390af, L:/192.168.31.215:34700 - R:/192.168.31.50:58924]
CODE:269990[269990]

-----------------------------------------------------------------





outCardsType: 0
allMultiple: 1
lastCardNum: 2
uId: "100012"
roundOver: 1

2018-12-08 17:02:27.764 [pool-1-thread-12] INFO  com.version.common.util.LoggerUtil:11 - 
服务器返回----------------------------SEND--------------------------------
TO:[id: 0xf4b9cf54, L:/192.168.31.215:34700 - R:/192.168.31.50:58819]
CODE:269990[269990]

-----------------------------------------------------------------





outCardsType: 0
allMultiple: 1
lastCardNum: 2
uId: "100012"
roundOver: 1

2018-12-08 17:02:27.764 [pool-1-thread-12] INFO  com.version.common.util.LoggerUtil:11 - 
服务器返回----------------------------SEND--------------------------------
TO:[id: 0x49bcddaa, L:/192.168.31.215:34700 - R:/192.168.31.50:58809]
CODE:269990[269990]

-----------------------------------------------------------------





outCardsType: 0
allMultiple: 1
lastCardNum: 2
uId: "100012"
roundOver: 1

2018-12-08 17:02:27.764 [pool-1-thread-12] INFO  com.version.common.util.LoggerUtil:11 - 
服务器返回----------------------------SEND--------------------------------
TO:[id: 0x68b390af, L:/192.168.31.215:34700 - R:/192.168.31.50:58924]
CODE:269997[269997]

-----------------------------------------------------------------





currentCtrlPos: 3
ctrlTime: 5
checkOutCard: 11

2018-12-08 17:02:27.764 [pool-1-thread-12] INFO  com.version.common.util.LoggerUtil:11 - 
服务器返回----------------------------SEND--------------------------------
TO:[id: 0xf4b9cf54, L:/192.168.31.215:34700 - R:/192.168.31.50:58819]
CODE:269997[269997]

-----------------------------------------------------------------





currentCtrlPos: 3
ctrlTime: 5
checkOutCard: 11

2018-12-08 17:02:27.764 [pool-1-thread-12] INFO  com.version.common.util.LoggerUtil:11 - 
服务器返回----------------------------SEND--------------------------------
TO:[id: 0x49bcddaa, L:/192.168.31.215:34700 - R:/192.168.31.50:58809]
CODE:269997[269997]

-----------------------------------------------------------------





currentCtrlPos: 3
ctrlTime: 5
checkOutCard: 11

2018-12-08 17:02:27.764 [pool-1-thread-12] INFO  com.version.common.util.LoggerUtil:11 - 当前的操作位置:3
2018-12-08 17:02:59.291 [pool-1-thread-12] INFO  com.version.common.util.LoggerUtil:11 - 
----------------------------RECIEVED----------------------------
FROM:TcpSocketClient [session=[id: 0x68b390af, L:/192.168.31.215:34700 - R:/192.168.31.50:58924]]
CODE:269992[269992]
cards {
  cardId: 212
  cardNum: 12
  cardColor: 2
}
cards {
  cardId: 312
  cardNum: 12
  cardColor: 3
}

-----------------------------------------------------------------


2018-12-08 17:02:59.291 [pool-1-thread-12] INFO  com.version.common.util.LoggerUtil:11 - 
服务器返回----------------------------SEND--------------------------------
TO:[id: 0x68b390af, L:/192.168.31.215:34700 - R:/192.168.31.50:58924]
CODE:269991[269991]

-----------------------------------------------------------------





result {
  code: 200
  success: true
}

2018-12-08 17:02:59.292 [pool-1-thread-12] INFO  com.version.common.util.LoggerUtil:11 - 
服务器返回----------------------------SEND--------------------------------
TO:[id: 0x68b390af, L:/192.168.31.215:34700 - R:/192.168.31.50:58924]
CODE:269991[269991]

-----------------------------------------------------------------





result {
  code: 200
  success: true
}

2018-12-08 17:02:59.293 [pool-1-thread-12] INFO  com.version.common.util.LoggerUtil:11 - 
服务器返回----------------------------SEND--------------------------------
TO:[id: 0x68b390af, L:/192.168.31.215:34700 - R:/192.168.31.50:58924]
CODE:269990[269990]

-----------------------------------------------------------------





outCards {
  cardId: 212
  cardNum: 12
  cardColor: 2
}
outCards {
  cardId: 312
  cardNum: 12
  cardColor: 3
}
outCardsType: 2
allMultiple: 1
lastCardNum: 3
uId: "116981"

2018-12-08 17:02:59.294 [pool-1-thread-12] INFO  com.version.common.util.LoggerUtil:11 - 
服务器返回----------------------------SEND--------------------------------
TO:[id: 0xf4b9cf54, L:/192.168.31.215:34700 - R:/192.168.31.50:58819]
CODE:269990[269990]

-----------------------------------------------------------------





outCards {
  cardId: 212
  cardNum: 12
  cardColor: 2
}
outCards {
  cardId: 312
  cardNum: 12
  cardColor: 3
}
outCardsType: 2
allMultiple: 1
lastCardNum: 3
uId: "116981"

2018-12-08 17:02:59.294 [pool-1-thread-12] INFO  com.version.common.util.LoggerUtil:11 - 
服务器返回----------------------------SEND--------------------------------
TO:[id: 0x49bcddaa, L:/192.168.31.215:34700 - R:/192.168.31.50:58809]
CODE:269990[269990]

-----------------------------------------------------------------





outCards {
  cardId: 212
  cardNum: 12
  cardColor: 2
}
outCards {
  cardId: 312
  cardNum: 12
  cardColor: 3
}
outCardsType: 2
allMultiple: 1
lastCardNum: 3
uId: "116981"

2018-12-08 17:02:59.295 [pool-1-thread-12] INFO  com.version.common.util.LoggerUtil:11 - 当前玩家的剩余牌数量:3
2018-12-08 17:02:59.295 [pool-1-thread-12] INFO  com.version.common.util.LoggerUtil:11 - 
服务器返回----------------------------SEND--------------------------------
TO:[id: 0x68b390af, L:/192.168.31.215:34700 - R:/192.168.31.50:58924]
CODE:269997[269997]

-----------------------------------------------------------------





currentCtrlPos: 1
ctrlTime: 5
checkOutCard: 11

2018-12-08 17:02:59.295 [pool-1-thread-12] INFO  com.version.common.util.LoggerUtil:11 - 
服务器返回----------------------------SEND--------------------------------
TO:[id: 0xf4b9cf54, L:/192.168.31.215:34700 - R:/192.168.31.50:58819]
CODE:269997[269997]

-----------------------------------------------------------------





currentCtrlPos: 1
ctrlTime: 5
checkOutCard: 11

2018-12-08 17:02:59.296 [pool-1-thread-12] INFO  com.version.common.util.LoggerUtil:11 - 
服务器返回----------------------------SEND--------------------------------
TO:[id: 0x49bcddaa, L:/192.168.31.215:34700 - R:/192.168.31.50:58809]
CODE:269997[269997]

-----------------------------------------------------------------





currentCtrlPos: 1
ctrlTime: 5
checkOutCard: 11

2018-12-08 17:02:59.296 [pool-1-thread-12] INFO  com.version.common.util.LoggerUtil:11 - 当前的操作位置:1
2018-12-08 17:03:08.538 [pool-1-thread-12] INFO  com.version.common.util.LoggerUtil:11 - 
----------------------------RECIEVED----------------------------
FROM:TcpSocketClient [session=[id: 0x49bcddaa, L:/192.168.31.215:34700 - R:/192.168.31.50:58809]]
CODE:269992[269992]

-----------------------------------------------------------------


2018-12-08 17:03:08.538 [pool-1-thread-12] INFO  com.version.common.util.LoggerUtil:11 - 
服务器返回----------------------------SEND--------------------------------
TO:[id: 0x49bcddaa, L:/192.168.31.215:34700 - R:/192.168.31.50:58809]
CODE:269991[269991]

-----------------------------------------------------------------





result {
  code: 200
  success: true
}

2018-12-08 17:03:08.539 [pool-1-thread-12] INFO  com.version.common.util.LoggerUtil:11 - 
服务器返回----------------------------SEND--------------------------------
TO:[id: 0x68b390af, L:/192.168.31.215:34700 - R:/192.168.31.50:58924]
CODE:269990[269990]

-----------------------------------------------------------------





outCardsType: 2
allMultiple: 1
lastCardNum: 5
uId: "100014"

2018-12-08 17:03:08.539 [pool-1-thread-12] INFO  com.version.common.util.LoggerUtil:11 - 
服务器返回----------------------------SEND--------------------------------
TO:[id: 0xf4b9cf54, L:/192.168.31.215:34700 - R:/192.168.31.50:58819]
CODE:269990[269990]

-----------------------------------------------------------------





outCardsType: 2
allMultiple: 1
lastCardNum: 5
uId: "100014"

2018-12-08 17:03:08.539 [pool-1-thread-12] INFO  com.version.common.util.LoggerUtil:11 - 
服务器返回----------------------------SEND--------------------------------
TO:[id: 0x49bcddaa, L:/192.168.31.215:34700 - R:/192.168.31.50:58809]
CODE:269990[269990]

-----------------------------------------------------------------





outCardsType: 2
allMultiple: 1
lastCardNum: 5
uId: "100014"

2018-12-08 17:03:08.539 [pool-1-thread-12] INFO  com.version.common.util.LoggerUtil:11 - 
服务器返回----------------------------SEND--------------------------------
TO:[id: 0x68b390af, L:/192.168.31.215:34700 - R:/192.168.31.50:58924]
CODE:269997[269997]

-----------------------------------------------------------------





currentCtrlPos: 2
ctrlTime: 5
checkOutCard: 11

2018-12-08 17:03:08.539 [pool-1-thread-12] INFO  com.version.common.util.LoggerUtil:11 - 
服务器返回----------------------------SEND--------------------------------
TO:[id: 0xf4b9cf54, L:/192.168.31.215:34700 - R:/192.168.31.50:58819]
CODE:269997[269997]

-----------------------------------------------------------------





currentCtrlPos: 2
ctrlTime: 5
checkOutCard: 11

2018-12-08 17:03:08.539 [pool-1-thread-12] INFO  com.version.common.util.LoggerUtil:11 - 
服务器返回----------------------------SEND--------------------------------
TO:[id: 0x49bcddaa, L:/192.168.31.215:34700 - R:/192.168.31.50:58809]
CODE:269997[269997]

-----------------------------------------------------------------





currentCtrlPos: 2
ctrlTime: 5
checkOutCard: 11

2018-12-08 17:03:08.539 [pool-1-thread-12] INFO  com.version.common.util.LoggerUtil:11 - 当前的操作位置:2
2018-12-08 17:03:11.379 [pool-1-thread-12] INFO  com.version.common.util.LoggerUtil:11 - 
----------------------------RECIEVED----------------------------
FROM:TcpSocketClient [session=[id: 0xf4b9cf54, L:/192.168.31.215:34700 - R:/192.168.31.50:58819]]
CODE:269992[269992]

-----------------------------------------------------------------


2018-12-08 17:03:11.379 [pool-1-thread-12] INFO  com.version.common.util.LoggerUtil:11 - 
服务器返回----------------------------SEND--------------------------------
TO:[id: 0xf4b9cf54, L:/192.168.31.215:34700 - R:/192.168.31.50:58819]
CODE:269991[269991]

-----------------------------------------------------------------





result {
  code: 200
  success: true
}

2018-12-08 17:03:11.379 [pool-1-thread-12] INFO  com.version.common.util.LoggerUtil:11 - 
服务器返回----------------------------SEND--------------------------------
TO:[id: 0x68b390af, L:/192.168.31.215:34700 - R:/192.168.31.50:58924]
CODE:269990[269990]

-----------------------------------------------------------------





outCardsType: 0
allMultiple: 1
lastCardNum: 2
uId: "100012"
roundOver: 1

2018-12-08 17:03:11.379 [pool-1-thread-12] INFO  com.version.common.util.LoggerUtil:11 - 
服务器返回----------------------------SEND--------------------------------
TO:[id: 0xf4b9cf54, L:/192.168.31.215:34700 - R:/192.168.31.50:58819]
CODE:269990[269990]

-----------------------------------------------------------------





outCardsType: 0
allMultiple: 1
lastCardNum: 2
uId: "100012"
roundOver: 1

2018-12-08 17:03:11.379 [pool-1-thread-12] INFO  com.version.common.util.LoggerUtil:11 - 
服务器返回----------------------------SEND--------------------------------
TO:[id: 0x49bcddaa, L:/192.168.31.215:34700 - R:/192.168.31.50:58809]
CODE:269990[269990]

-----------------------------------------------------------------





outCardsType: 0
allMultiple: 1
lastCardNum: 2
uId: "100012"
roundOver: 1

2018-12-08 17:03:11.379 [pool-1-thread-12] INFO  com.version.common.util.LoggerUtil:11 - 
服务器返回----------------------------SEND--------------------------------
TO:[id: 0x68b390af, L:/192.168.31.215:34700 - R:/192.168.31.50:58924]
CODE:269997[269997]

-----------------------------------------------------------------





currentCtrlPos: 3
ctrlTime: 5
checkOutCard: 11

2018-12-08 17:03:11.379 [pool-1-thread-12] INFO  com.version.common.util.LoggerUtil:11 - 
服务器返回----------------------------SEND--------------------------------
TO:[id: 0xf4b9cf54, L:/192.168.31.215:34700 - R:/192.168.31.50:58819]
CODE:269997[269997]

-----------------------------------------------------------------





currentCtrlPos: 3
ctrlTime: 5
checkOutCard: 11

2018-12-08 17:03:11.379 [pool-1-thread-12] INFO  com.version.common.util.LoggerUtil:11 - 
服务器返回----------------------------SEND--------------------------------
TO:[id: 0x49bcddaa, L:/192.168.31.215:34700 - R:/192.168.31.50:58809]
CODE:269997[269997]

-----------------------------------------------------------------





currentCtrlPos: 3
ctrlTime: 5
checkOutCard: 11

2018-12-08 17:03:11.380 [pool-1-thread-12] INFO  com.version.common.util.LoggerUtil:11 - 当前的操作位置:3
2018-12-08 17:03:13.839 [pool-1-thread-12] INFO  com.version.common.util.LoggerUtil:11 - 
----------------------------RECIEVED----------------------------
FROM:TcpSocketClient [session=[id: 0x68b390af, L:/192.168.31.215:34700 - R:/192.168.31.50:58924]]
CODE:269992[269992]
cards {
  cardId: 113
  cardNum: 13
  cardColor: 1
}
cards {
  cardId: 213
  cardNum: 13
  cardColor: 2
}

-----------------------------------------------------------------


2018-12-08 17:03:13.840 [pool-1-thread-12] INFO  com.version.common.util.LoggerUtil:11 - 
服务器返回----------------------------SEND--------------------------------
TO:[id: 0x68b390af, L:/192.168.31.215:34700 - R:/192.168.31.50:58924]
CODE:269991[269991]

-----------------------------------------------------------------





result {
  code: 200
  success: true
}

2018-12-08 17:03:13.840 [pool-1-thread-12] INFO  com.version.common.util.LoggerUtil:11 - 
服务器返回----------------------------SEND--------------------------------
TO:[id: 0x68b390af, L:/192.168.31.215:34700 - R:/192.168.31.50:58924]
CODE:269991[269991]

-----------------------------------------------------------------





result {
  code: 200
  success: true
}

2018-12-08 17:03:13.841 [pool-1-thread-12] INFO  com.version.common.util.LoggerUtil:11 - 
服务器返回----------------------------SEND--------------------------------
TO:[id: 0x68b390af, L:/192.168.31.215:34700 - R:/192.168.31.50:58924]
CODE:269990[269990]

-----------------------------------------------------------------





outCards {
  cardId: 113
  cardNum: 13
  cardColor: 1
}
outCards {
  cardId: 213
  cardNum: 13
  cardColor: 2
}
outCardsType: 2
allMultiple: 1
lastCardNum: 1
uId: "116981"

2018-12-08 17:03:13.841 [pool-1-thread-12] INFO  com.version.common.util.LoggerUtil:11 - 
服务器返回----------------------------SEND--------------------------------
TO:[id: 0xf4b9cf54, L:/192.168.31.215:34700 - R:/192.168.31.50:58819]
CODE:269990[269990]

-----------------------------------------------------------------





outCards {
  cardId: 113
  cardNum: 13
  cardColor: 1
}
outCards {
  cardId: 213
  cardNum: 13
  cardColor: 2
}
outCardsType: 2
allMultiple: 1
lastCardNum: 1
uId: "116981"

2018-12-08 17:03:13.842 [pool-1-thread-12] INFO  com.version.common.util.LoggerUtil:11 - 
服务器返回----------------------------SEND--------------------------------
TO:[id: 0x49bcddaa, L:/192.168.31.215:34700 - R:/192.168.31.50:58809]
CODE:269990[269990]

-----------------------------------------------------------------





outCards {
  cardId: 113
  cardNum: 13
  cardColor: 1
}
outCards {
  cardId: 213
  cardNum: 13
  cardColor: 2
}
outCardsType: 2
allMultiple: 1
lastCardNum: 1
uId: "116981"

2018-12-08 17:03:13.842 [pool-1-thread-12] INFO  com.version.common.util.LoggerUtil:11 - 当前玩家的剩余牌数量:1
2018-12-08 17:03:13.842 [pool-1-thread-12] INFO  com.version.common.util.LoggerUtil:11 - 
服务器返回----------------------------SEND--------------------------------
TO:[id: 0x68b390af, L:/192.168.31.215:34700 - R:/192.168.31.50:58924]
CODE:269997[269997]

-----------------------------------------------------------------





currentCtrlPos: 1
ctrlTime: 5
checkOutCard: 11

2018-12-08 17:03:13.843 [pool-1-thread-12] INFO  com.version.common.util.LoggerUtil:11 - 
服务器返回----------------------------SEND--------------------------------
TO:[id: 0xf4b9cf54, L:/192.168.31.215:34700 - R:/192.168.31.50:58819]
CODE:269997[269997]

-----------------------------------------------------------------





currentCtrlPos: 1
ctrlTime: 5
checkOutCard: 11

2018-12-08 17:03:13.843 [pool-1-thread-12] INFO  com.version.common.util.LoggerUtil:11 - 
服务器返回----------------------------SEND--------------------------------
TO:[id: 0x49bcddaa, L:/192.168.31.215:34700 - R:/192.168.31.50:58809]
CODE:269997[269997]

-----------------------------------------------------------------





currentCtrlPos: 1
ctrlTime: 5
checkOutCard: 11

2018-12-08 17:03:13.844 [pool-1-thread-12] INFO  com.version.common.util.LoggerUtil:11 - 当前的操作位置:1
2018-12-08 17:03:16.395 [pool-1-thread-12] INFO  com.version.common.util.LoggerUtil:11 - 
----------------------------RECIEVED----------------------------
FROM:TcpSocketClient [session=[id: 0x49bcddaa, L:/192.168.31.215:34700 - R:/192.168.31.50:58809]]
CODE:269992[269992]

-----------------------------------------------------------------


2018-12-08 17:03:16.395 [pool-1-thread-12] INFO  com.version.common.util.LoggerUtil:11 - 
服务器返回----------------------------SEND--------------------------------
TO:[id: 0x49bcddaa, L:/192.168.31.215:34700 - R:/192.168.31.50:58809]
CODE:269991[269991]

-----------------------------------------------------------------





result {
  code: 200
  success: true
}

2018-12-08 17:03:16.395 [pool-1-thread-12] INFO  com.version.common.util.LoggerUtil:11 - 
服务器返回----------------------------SEND--------------------------------
TO:[id: 0x68b390af, L:/192.168.31.215:34700 - R:/192.168.31.50:58924]
CODE:269990[269990]

-----------------------------------------------------------------





outCardsType: 2
allMultiple: 1
lastCardNum: 5
uId: "100014"

2018-12-08 17:03:16.395 [pool-1-thread-12] INFO  com.version.common.util.LoggerUtil:11 - 
服务器返回----------------------------SEND--------------------------------
TO:[id: 0xf4b9cf54, L:/192.168.31.215:34700 - R:/192.168.31.50:58819]
CODE:269990[269990]

-----------------------------------------------------------------





outCardsType: 2
allMultiple: 1
lastCardNum: 5
uId: "100014"

2018-12-08 17:03:16.395 [pool-1-thread-12] INFO  com.version.common.util.LoggerUtil:11 - 
服务器返回----------------------------SEND--------------------------------
TO:[id: 0x49bcddaa, L:/192.168.31.215:34700 - R:/192.168.31.50:58809]
CODE:269990[269990]

-----------------------------------------------------------------





outCardsType: 2
allMultiple: 1
lastCardNum: 5
uId: "100014"

2018-12-08 17:03:16.395 [pool-1-thread-12] INFO  com.version.common.util.LoggerUtil:11 - 
服务器返回----------------------------SEND--------------------------------
TO:[id: 0x68b390af, L:/192.168.31.215:34700 - R:/192.168.31.50:58924]
CODE:269997[269997]

-----------------------------------------------------------------





currentCtrlPos: 2
ctrlTime: 5
checkOutCard: 11

2018-12-08 17:03:16.396 [pool-1-thread-12] INFO  com.version.common.util.LoggerUtil:11 - 
服务器返回----------------------------SEND--------------------------------
TO:[id: 0xf4b9cf54, L:/192.168.31.215:34700 - R:/192.168.31.50:58819]
CODE:269997[269997]

-----------------------------------------------------------------





currentCtrlPos: 2
ctrlTime: 5
checkOutCard: 11

2018-12-08 17:03:16.396 [pool-1-thread-12] INFO  com.version.common.util.LoggerUtil:11 - 
服务器返回----------------------------SEND--------------------------------
TO:[id: 0x49bcddaa, L:/192.168.31.215:34700 - R:/192.168.31.50:58809]
CODE:269997[269997]

-----------------------------------------------------------------





currentCtrlPos: 2
ctrlTime: 5
checkOutCard: 11

2018-12-08 17:03:16.396 [pool-1-thread-12] INFO  com.version.common.util.LoggerUtil:11 - 当前的操作位置:2
2018-12-08 17:03:20.110 [pool-1-thread-12] INFO  com.version.common.util.LoggerUtil:11 - 
----------------------------RECIEVED----------------------------
FROM:TcpSocketClient [session=[id: 0xf4b9cf54, L:/192.168.31.215:34700 - R:/192.168.31.50:58819]]
CODE:269992[269992]

-----------------------------------------------------------------


2018-12-08 17:03:20.110 [pool-1-thread-12] INFO  com.version.common.util.LoggerUtil:11 - 
服务器返回----------------------------SEND--------------------------------
TO:[id: 0xf4b9cf54, L:/192.168.31.215:34700 - R:/192.168.31.50:58819]
CODE:269991[269991]

-----------------------------------------------------------------





result {
  code: 200
  success: true
}

2018-12-08 17:03:20.110 [pool-1-thread-12] INFO  com.version.common.util.LoggerUtil:11 - 
服务器返回----------------------------SEND--------------------------------
TO:[id: 0x68b390af, L:/192.168.31.215:34700 - R:/192.168.31.50:58924]
CODE:269990[269990]

-----------------------------------------------------------------





outCardsType: 0
allMultiple: 1
lastCardNum: 2
uId: "100012"
roundOver: 1

2018-12-08 17:03:20.110 [pool-1-thread-12] INFO  com.version.common.util.LoggerUtil:11 - 
服务器返回----------------------------SEND--------------------------------
TO:[id: 0xf4b9cf54, L:/192.168.31.215:34700 - R:/192.168.31.50:58819]
CODE:269990[269990]

-----------------------------------------------------------------





outCardsType: 0
allMultiple: 1
lastCardNum: 2
uId: "100012"
roundOver: 1

2018-12-08 17:03:20.110 [pool-1-thread-12] INFO  com.version.common.util.LoggerUtil:11 - 
服务器返回----------------------------SEND--------------------------------
TO:[id: 0x49bcddaa, L:/192.168.31.215:34700 - R:/192.168.31.50:58809]
CODE:269990[269990]

-----------------------------------------------------------------





outCardsType: 0
allMultiple: 1
lastCardNum: 2
uId: "100012"
roundOver: 1

2018-12-08 17:03:20.110 [pool-1-thread-12] INFO  com.version.common.util.LoggerUtil:11 - 
服务器返回----------------------------SEND--------------------------------
TO:[id: 0x68b390af, L:/192.168.31.215:34700 - R:/192.168.31.50:58924]
CODE:269997[269997]

-----------------------------------------------------------------





currentCtrlPos: 3
ctrlTime: 5
checkOutCard: 11

2018-12-08 17:03:20.110 [pool-1-thread-12] INFO  com.version.common.util.LoggerUtil:11 - 
服务器返回----------------------------SEND--------------------------------
TO:[id: 0xf4b9cf54, L:/192.168.31.215:34700 - R:/192.168.31.50:58819]
CODE:269997[269997]

-----------------------------------------------------------------





currentCtrlPos: 3
ctrlTime: 5
checkOutCard: 11

2018-12-08 17:03:20.111 [pool-1-thread-12] INFO  com.version.common.util.LoggerUtil:11 - 
服务器返回----------------------------SEND--------------------------------
TO:[id: 0x49bcddaa, L:/192.168.31.215:34700 - R:/192.168.31.50:58809]
CODE:269997[269997]

-----------------------------------------------------------------





currentCtrlPos: 3
ctrlTime: 5
checkOutCard: 11

2018-12-08 17:03:20.111 [pool-1-thread-12] INFO  com.version.common.util.LoggerUtil:11 - 当前的操作位置:3
2018-12-08 17:03:21.564 [pool-1-thread-12] INFO  com.version.common.util.LoggerUtil:11 - 
----------------------------RECIEVED----------------------------
FROM:TcpSocketClient [session=[id: 0x68b390af, L:/192.168.31.215:34700 - R:/192.168.31.50:58924]]
CODE:269992[269992]
cards {
  cardId: 102
  cardNum: 2
  cardColor: 1
}

-----------------------------------------------------------------


2018-12-08 17:03:21.564 [pool-1-thread-12] INFO  com.version.common.util.LoggerUtil:11 - 
服务器返回----------------------------SEND--------------------------------
TO:[id: 0x68b390af, L:/192.168.31.215:34700 - R:/192.168.31.50:58924]
CODE:269991[269991]

-----------------------------------------------------------------





result {
  code: 200
  success: true
}

2018-12-08 17:03:21.564 [pool-1-thread-12] INFO  com.version.common.util.LoggerUtil:11 - 
服务器返回----------------------------SEND--------------------------------
TO:[id: 0x68b390af, L:/192.168.31.215:34700 - R:/192.168.31.50:58924]
CODE:269991[269991]

-----------------------------------------------------------------





result {
  code: 200
  success: true
}

2018-12-08 17:03:21.564 [pool-1-thread-12] INFO  com.version.common.util.LoggerUtil:11 - 
服务器返回----------------------------SEND--------------------------------
TO:[id: 0x68b390af, L:/192.168.31.215:34700 - R:/192.168.31.50:58924]
CODE:269990[269990]

-----------------------------------------------------------------





outCards {
  cardId: 102
  cardNum: 2
  cardColor: 1
}
outCardsType: 1
allMultiple: 1
lastCardNum: 0
uId: "116981"

2018-12-08 17:03:21.564 [pool-1-thread-12] INFO  com.version.common.util.LoggerUtil:11 - 
服务器返回----------------------------SEND--------------------------------
TO:[id: 0xf4b9cf54, L:/192.168.31.215:34700 - R:/192.168.31.50:58819]
CODE:269990[269990]

-----------------------------------------------------------------





outCards {
  cardId: 102
  cardNum: 2
  cardColor: 1
}
outCardsType: 1
allMultiple: 1
lastCardNum: 0
uId: "116981"

2018-12-08 17:03:21.565 [pool-1-thread-12] INFO  com.version.common.util.LoggerUtil:11 - 
服务器返回----------------------------SEND--------------------------------
TO:[id: 0x49bcddaa, L:/192.168.31.215:34700 - R:/192.168.31.50:58809]
CODE:269990[269990]

-----------------------------------------------------------------





outCards {
  cardId: 102
  cardNum: 2
  cardColor: 1
}
outCardsType: 1
allMultiple: 1
lastCardNum: 0
uId: "116981"

2018-12-08 17:03:21.565 [pool-1-thread-12] INFO  com.version.common.util.LoggerUtil:11 - 当前玩家的剩余牌数量:0
2018-12-08 17:03:21.565 [pool-1-thread-12] INFO  com.version.common.util.LoggerUtil:11 - 本局输赢类型是：正常输赢
2018-12-08 17:03:21.565 [pool-1-thread-12] INFO  com.version.common.util.LoggerUtil:11 - 地主赢的时候农民输的分数:-3
2018-12-08 17:03:21.565 [pool-1-thread-12] INFO  com.version.common.util.LoggerUtil:11 - 地主赢的时候农民输的分数:-3
2018-12-08 17:03:21.565 [pool-1-thread-12] INFO  com.version.common.util.LoggerUtil:11 - 地主赢的时候地主输赢的分数:-6
2018-12-08 17:03:21.565 [pool-1-thread-12] ERROR com.version.common.util.LoggerUtil:19 - >>>> 抽水有误gameId:8884,roomId:5462494,times:2
2018-12-08 17:03:21.906 [pool-1-thread-12] INFO  com.version.common.util.LoggerUtil:11 - ====updateDataToServer over==roomId:5462494
2018-12-08 17:03:21.906 [pool-1-thread-12] INFO  com.version.common.util.LoggerUtil:11 - 
服务器返回----------------------------SEND--------------------------------
TO:[id: 0x68b390af, L:/192.168.31.215:34700 - R:/192.168.31.50:58924]
CODE:269988[269988]

-----------------------------------------------------------------





result {
  code: 200
  success: true
  msg: "\345\260\217\347\273\223\347\256\227\346\210\220\345\212\237"
}
smallCalculatePanel {
  diFen: 1
  cardMultiple: 1
  smallCalControllers {
    winScore: -6
    uniqueId: "116981"
    allScore: 998461
    headImg: ""
    nick: "\347\216\251\345\256\2668710"
  }
  smallCalControllers {
    winScore: -3
    uniqueId: "100012"
    allScore: 3402252
    headImg: ""
    nick: "15196608711"
  }
  smallCalControllers {
    winScore: -3
    uniqueId: "100014"
    allScore: 111087
    headImg: ""
    nick: "15196608712"
  }
  landLordId: "116981"
  winType: 1
}

2018-12-08 17:03:21.906 [pool-1-thread-12] INFO  com.version.common.util.LoggerUtil:11 - 
服务器返回----------------------------SEND--------------------------------
TO:[id: 0xf4b9cf54, L:/192.168.31.215:34700 - R:/192.168.31.50:58819]
CODE:269988[269988]

-----------------------------------------------------------------





result {
  code: 200
  success: true
  msg: "\345\260\217\347\273\223\347\256\227\346\210\220\345\212\237"
}
smallCalculatePanel {
  diFen: 1
  cardMultiple: 1
  smallCalControllers {
    winScore: -6
    uniqueId: "116981"
    allScore: 998461
    headImg: ""
    nick: "\347\216\251\345\256\2668710"
  }
  smallCalControllers {
    winScore: -3
    uniqueId: "100012"
    allScore: 3402252
    headImg: ""
    nick: "15196608711"
  }
  smallCalControllers {
    winScore: -3
    uniqueId: "100014"
    allScore: 111087
    headImg: ""
    nick: "15196608712"
  }
  landLordId: "116981"
  winType: 1
}

2018-12-08 17:03:21.907 [pool-1-thread-12] INFO  com.version.common.util.LoggerUtil:11 - 
服务器返回----------------------------SEND--------------------------------
TO:[id: 0x49bcddaa, L:/192.168.31.215:34700 - R:/192.168.31.50:58809]
CODE:269988[269988]

-----------------------------------------------------------------





result {
  code: 200
  success: true
  msg: "\345\260\217\347\273\223\347\256\227\346\210\220\345\212\237"
}
smallCalculatePanel {
  diFen: 1
  cardMultiple: 1
  smallCalControllers {
    winScore: -6
    uniqueId: "116981"
    allScore: 998461
    headImg: ""
    nick: "\347\216\251\345\256\2668710"
  }
  smallCalControllers {
    winScore: -3
    uniqueId: "100012"
    allScore: 3402252
    headImg: ""
    nick: "15196608711"
  }
  smallCalControllers {
    winScore: -3
    uniqueId: "100014"
    allScore: 111087
    headImg: ""
    nick: "15196608712"
  }
  landLordId: "116981"
  winType: 1
}

2018-12-08 17:03:55.893 [DefaultQuartzScheduler_Worker-2] INFO  com.version.common.util.LoggerUtil:11 - 
服务器返回----------------------------SEND--------------------------------
TO:[id: 0xf4b9cf54, L:/192.168.31.215:34700 - R:/192.168.31.50:58819]
CODE:799989[799989]

-----------------------------------------------------------------





roomId: "5462494"
controller {
  uniqueId: "116981"
  nickName: "\347\216\251\345\256\2668710"
  headImg: "14"
  ip: ""
  health: 998461.08
  sex: 1
  robot: 0
  watcher: 2
  extendStr: ""
}

2018-12-08 17:03:55.893 [DefaultQuartzScheduler_Worker-2] INFO  com.version.common.util.LoggerUtil:11 - 
服务器返回----------------------------SEND--------------------------------
TO:[id: 0x49bcddaa, L:/192.168.31.215:34700 - R:/192.168.31.50:58809]
CODE:799989[799989]

-----------------------------------------------------------------





roomId: "5462494"
controller {
  uniqueId: "116981"
  nickName: "\347\216\251\345\256\2668710"
  headImg: "14"
  ip: ""
  health: 998461.08
  sex: 1
  robot: 0
  watcher: 2
  extendStr: ""
}

2018-12-08 17:03:55.895 [DefaultQuartzScheduler_Worker-2] INFO  com.version.common.util.LoggerUtil:11 - 
服务器返回----------------------------SEND--------------------------------
TO:[id: 0x68b390af, L:/192.168.31.215:34700 - R:/192.168.31.50:58924]
CODE:999990[999990]

-----------------------------------------------------------------





gameId: 8884
type: 1
msg: "\351\225\277\346\227\266\351\227\264\346\234\252\345\207\206\345\244\207\350\242\253T\351\231\244\346\210\277\351\227\264"

2018-12-08 17:03:55.896 [DefaultQuartzScheduler_Worker-2] INFO  com.version.common.util.LoggerUtil:11 - 
服务器返回----------------------------SEND--------------------------------
TO:[id: 0x49bcddaa, L:/192.168.31.215:34700 - R:/192.168.31.50:58809]
CODE:799989[799989]

-----------------------------------------------------------------





roomId: "5462494"
controller {
  uniqueId: "100012"
  nickName: "15196608711"
  headImg: ""
  ip: ""
  health: 3402252.0
  sex: 1
  robot: 0
  watcher: 2
  extendStr: ""
}

2018-12-08 17:03:55.897 [DefaultQuartzScheduler_Worker-2] INFO  com.version.common.util.LoggerUtil:11 - 
服务器返回----------------------------SEND--------------------------------
TO:[id: 0xf4b9cf54, L:/192.168.31.215:34700 - R:/192.168.31.50:58819]
CODE:999990[999990]

-----------------------------------------------------------------





gameId: 8884
type: 1
msg: "\351\225\277\346\227\266\351\227\264\346\234\252\345\207\206\345\244\207\350\242\253T\351\231\244\346\210\277\351\227\264"

2018-12-08 17:03:55.912 [DefaultQuartzScheduler_Worker-2] INFO  com.version.common.util.LoggerUtil:11 - 
服务器返回----------------------------SEND--------------------------------
TO:[id: 0x49bcddaa, L:/192.168.31.215:34700 - R:/192.168.31.50:58809]
CODE:999990[999990]

-----------------------------------------------------------------





gameId: 8884
type: 1
msg: "\351\225\277\346\227\266\351\227\264\346\234\252\345\207\206\345\244\207\350\242\253T\351\231\244\346\210\277\351\227\264"

2018-12-08 17:58:35.003 [DubboClientHandler-192.168.31.48:20887-thread-3] INFO  c.a.d.r.protocol.dubbo.DubboProtocol:59 -  [DUBBO] disconected from /192.168.31.48:20887,url:dubbo://192.168.31.48:20887/com.platform.rpc.CommissionRPCService?anyhost=true&application=qipai-logic&check=false&codec=dubbo&default.timeout=3000&dubbo=2.6.0&generic=false&heartbeat=60000&interface=com.platform.rpc.CommissionRPCService&methods=commissionCompute&pid=70448&register.ip=192.168.31.215&remote.timestamp=1544150348032&revision=1.0.0&side=consumer&timestamp=1544254309953, dubbo version: 2.6.0, current host: 192.168.31.215
2018-12-08 17:58:37.958 [DubboClientReconnectTimer-thread-1] WARN  c.a.d.r.transport.AbstractClient:79 -  [DUBBO] client reconnect to 192.168.31.48:20887 find error . url: dubbo://192.168.31.48:20887/com.platform.rpc.CommissionRPCService?anyhost=true&application=qipai-logic&check=false&codec=dubbo&default.timeout=3000&dubbo=2.6.0&generic=false&heartbeat=60000&interface=com.platform.rpc.CommissionRPCService&methods=commissionCompute&pid=70448&register.ip=192.168.31.215&remote.timestamp=1544150348032&revision=1.0.0&side=consumer&timestamp=1544254309953, dubbo version: 2.6.0, current host: 192.168.31.215
com.alibaba.dubbo.remoting.RemotingException: client(url: dubbo://192.168.31.48:20887/com.platform.rpc.CommissionRPCService?anyhost=true&application=qipai-logic&check=false&codec=dubbo&default.timeout=3000&dubbo=2.6.0&generic=false&heartbeat=60000&interface=com.platform.rpc.CommissionRPCService&methods=commissionCompute&pid=70448&register.ip=192.168.31.215&remote.timestamp=1544150348032&revision=1.0.0&side=consumer&timestamp=1544254309953) failed to connect to server /192.168.31.48:20887, error message is:Connection refused: no further information
	at com.alibaba.dubbo.remoting.transport.netty.NettyClient.doConnect(NettyClient.java:122)
	at com.alibaba.dubbo.remoting.transport.AbstractClient.connect(AbstractClient.java:266)
	at com.alibaba.dubbo.remoting.transport.AbstractClient$1.run(AbstractClient.java:155)
	at java.util.concurrent.Executors$RunnableAdapter.call(Executors.java:511)
	at java.util.concurrent.FutureTask.runAndReset(FutureTask.java:308)
	at java.util.concurrent.ScheduledThreadPoolExecutor$ScheduledFutureTask.access$301(ScheduledThreadPoolExecutor.java:180)
	at java.util.concurrent.ScheduledThreadPoolExecutor$ScheduledFutureTask.run(ScheduledThreadPoolExecutor.java:294)
	at java.util.concurrent.ThreadPoolExecutor.runWorker(ThreadPoolExecutor.java:1149)
	at java.util.concurrent.ThreadPoolExecutor$Worker.run(ThreadPoolExecutor.java:624)
	at java.lang.Thread.run(Thread.java:748)
Caused by: java.net.ConnectException: Connection refused: no further information
	at sun.nio.ch.SocketChannelImpl.checkConnect(Native Method)
	at sun.nio.ch.SocketChannelImpl.finishConnect(SocketChannelImpl.java:717)
	at org.jboss.netty.channel.socket.nio.NioClientSocketPipelineSink$Boss.connect(NioClientSocketPipelineSink.java:384)
	at org.jboss.netty.channel.socket.nio.NioClientSocketPipelineSink$Boss.processSelectedKeys(NioClientSocketPipelineSink.java:354)
	at org.jboss.netty.channel.socket.nio.NioClientSocketPipelineSink$Boss.run(NioClientSocketPipelineSink.java:276)
	... 3 common frames omitted
2018-12-08 17:58:41.573 [DubboClientHandler-192.168.31.48:20821-thread-6] INFO  c.a.d.r.protocol.dubbo.DubboProtocol:59 -  [DUBBO] disconected from /192.168.31.48:20821,url:dubbo://192.168.31.48:20821/com.qipai.rpc.GameLogRPCService?anyhost=true&application=qipai-logic&check=false&codec=dubbo&default.timeout=3000&dubbo=2.6.0&generic=false&heartbeat=60000&interface=com.qipai.rpc.GameLogRPCService&methods=queryByPage,clear,save&pid=70448&register.ip=192.168.31.215&remote.timestamp=1543915417236&revision=1.0.0&side=consumer&timestamp=1544254309970, dubbo version: 2.6.0, current host: 192.168.31.215
2018-12-08 17:58:43.956 [DubboClientReconnectTimer-thread-2] WARN  c.a.d.r.transport.AbstractClient:79 -  [DUBBO] client reconnect to 192.168.31.48:20821 find error . url: dubbo://192.168.31.48:20821/com.qipai.rpc.GameLogRPCService?anyhost=true&application=qipai-logic&check=false&codec=dubbo&default.timeout=3000&dubbo=2.6.0&generic=false&heartbeat=60000&interface=com.qipai.rpc.GameLogRPCService&methods=queryByPage,clear,save&pid=70448&register.ip=192.168.31.215&remote.timestamp=1543915417236&revision=1.0.0&side=consumer&timestamp=1544254309970, dubbo version: 2.6.0, current host: 192.168.31.215
com.alibaba.dubbo.remoting.RemotingException: client(url: dubbo://192.168.31.48:20821/com.qipai.rpc.GameLogRPCService?anyhost=true&application=qipai-logic&check=false&codec=dubbo&default.timeout=3000&dubbo=2.6.0&generic=false&heartbeat=60000&interface=com.qipai.rpc.GameLogRPCService&methods=queryByPage,clear,save&pid=70448&register.ip=192.168.31.215&remote.timestamp=1543915417236&revision=1.0.0&side=consumer&timestamp=1544254309970) failed to connect to server /192.168.31.48:20821, error message is:Connection refused: no further information
	at com.alibaba.dubbo.remoting.transport.netty.NettyClient.doConnect(NettyClient.java:122)
	at com.alibaba.dubbo.remoting.transport.AbstractClient.connect(AbstractClient.java:266)
	at com.alibaba.dubbo.remoting.transport.AbstractClient$1.run(AbstractClient.java:155)
	at java.util.concurrent.Executors$RunnableAdapter.call(Executors.java:511)
	at java.util.concurrent.FutureTask.runAndReset(FutureTask.java:308)
	at java.util.concurrent.ScheduledThreadPoolExecutor$ScheduledFutureTask.access$301(ScheduledThreadPoolExecutor.java:180)
	at java.util.concurrent.ScheduledThreadPoolExecutor$ScheduledFutureTask.run(ScheduledThreadPoolExecutor.java:294)
	at java.util.concurrent.ThreadPoolExecutor.runWorker(ThreadPoolExecutor.java:1149)
	at java.util.concurrent.ThreadPoolExecutor$Worker.run(ThreadPoolExecutor.java:624)
	at java.lang.Thread.run(Thread.java:748)
Caused by: java.net.ConnectException: Connection refused: no further information
	at sun.nio.ch.SocketChannelImpl.checkConnect(Native Method)
	at sun.nio.ch.SocketChannelImpl.finishConnect(SocketChannelImpl.java:717)
	at org.jboss.netty.channel.socket.nio.NioClientSocketPipelineSink$Boss.connect(NioClientSocketPipelineSink.java:384)
	at org.jboss.netty.channel.socket.nio.NioClientSocketPipelineSink$Boss.processSelectedKeys(NioClientSocketPipelineSink.java:354)
	at org.jboss.netty.channel.socket.nio.NioClientSocketPipelineSink$Boss.run(NioClientSocketPipelineSink.java:276)
	... 3 common frames omitted
